Determining if the pthread_create exist failed with the following output:
Change Dir: /home/david/ClionProjects/AP1/cmake-build-debug/CMakeFiles/CMakeTmp

Run Build Command:"/usr/bin/make" "cmTC_dbac0/fast"
/usr/bin/make -f CMakeFiles/cmTC_dbac0.dir/build.make CMakeFiles/cmTC_dbac0.dir/build
make[1]: Entering directory '/home/david/ClionProjects/AP1/cmake-build-debug/CMakeFiles/CMakeTmp'
Building C object CMakeFiles/cmTC_dbac0.dir/CheckSymbolExists.c.o
/usr/bin/cc     -o CMakeFiles/cmTC_dbac0.dir/CheckSymbolExists.c.o   -c /home/david/ClionProjects/AP1/cmake-build-debug/CMakeFiles/CMakeTmp/CheckSymbolExists.c
Linking C executable cmTC_dbac0
/home/david/Programs/clion-2016.3.1/bin/cmake/bin/cmake -E cmake_link_script CMakeFiles/cmTC_dbac0.dir/link.txt --verbose=1
/usr/bin/cc       CMakeFiles/cmTC_dbac0.dir/CheckSymbolExists.c.o  -o cmTC_dbac0 -rdynamic 
CMakeFiles/cmTC_dbac0.dir/CheckSymbolExists.c.o: In function `main':
CheckSymbolExists.c:(.text+0x16): undefined reference to `pthread_create'
collect2: error: ld returned 1 exit status
CMakeFiles/cmTC_dbac0.dir/build.make:97: recipe for target 'cmTC_dbac0' failed
make[1]: *** [cmTC_dbac0] Error 1
make[1]: Leaving directory '/home/david/ClionProjects/AP1/cmake-build-debug/CMakeFiles/CMakeTmp'
Makefile:126: recipe for target 'cmTC_dbac0/fast' failed
make: *** [cmTC_dbac0/fast] Error 2

File /home/david/ClionProjects/AP1/cmake-build-debug/CMakeFiles/CMakeTmp/CheckSymbolExists.c:
/* */
#include <pthread.h>

int main(int argc, char** argv)
{
  (void)argv;
#ifndef pthread_create
  return ((int*)(&pthread_create))[argc];
#else
  (void)argc;
  return 0;
#endif
}

Determining if the function pthread_create exists in the pthreads failed with the following output:
Change Dir: /home/david/ClionProjects/AP1/cmake-build-debug/CMakeFiles/CMakeTmp

Run Build Command:"/usr/bin/make" "cmTC_c7127/fast"
/usr/bin/make -f CMakeFiles/cmTC_c7127.dir/build.make CMakeFiles/cmTC_c7127.dir/build
make[1]: Entering directory '/home/david/ClionProjects/AP1/cmake-build-debug/CMakeFiles/CMakeTmp'
Building C object CMakeFiles/cmTC_c7127.dir/CheckFunctionExists.c.o
/usr/bin/cc    -DCHECK_FUNCTION_EXISTS=pthread_create   -o CMakeFiles/cmTC_c7127.dir/CheckFunctionExists.c.o   -c /home/david/Programs/clion-2016.3.1/bin/cmake/share/cmake-3.6/Modules/CheckFunctionExists.c
Linking C executable cmTC_c7127
/home/david/Programs/clion-2016.3.1/bin/cmake/bin/cmake -E cmake_link_script CMakeFiles/cmTC_c7127.dir/link.txt --verbose=1
/usr/bin/cc   -DCHECK_FUNCTION_EXISTS=pthread_create    CMakeFiles/cmTC_c7127.dir/CheckFunctionExists.c.o  -o cmTC_c7127 -rdynamic -lpthreads 
/usr/bin/ld: cannot find -lpthreads
collect2: error: ld returned 1 exit status
CMakeFiles/cmTC_c7127.dir/build.make:97: recipe for target 'cmTC_c7127' failed
make[1]: *** [cmTC_c7127] Error 1
make[1]: Leaving directory '/home/david/ClionProjects/AP1/cmake-build-debug/CMakeFiles/CMakeTmp'
Makefile:126: recipe for target 'cmTC_c7127/fast' failed
make: *** [cmTC_c7127/fast] Error 2


